[2025-03-19 22:43:19] laravel.EMERGENCY: Unable to create configured logger. Using emergency logger. {"exception":"[object] (InvalidArgumentException(code: 0): Log [] is not defined. at C:\\Users\\ISMAIL\\Desktop\\Atelier5\\EX4\\vendor\\laravel\\framework\\src\\Illuminate\\Log\\LogManager.php:223)
[stacktrace]
#0 C:\\Users\\ISMAIL\\Desktop\\Atelier5\\EX4\\vendor\\laravel\\framework\\src\\Illuminate\\Log\\LogManager.php(139): Illuminate\\Log\\LogManager->resolve('', NULL)
#1 C:\\Users\\ISMAIL\\Desktop\\Atelier5\\EX4\\vendor\\laravel\\framework\\src\\Illuminate\\Log\\LogManager.php(126): Illuminate\\Log\\LogManager->get('')
#2 C:\\Users\\ISMAIL\\Desktop\\Atelier5\\EX4\\vendor\\laravel\\framework\\src\\Illuminate\\Log\\LogManager.php(695): Illuminate\\Log\\LogManager->driver()
#3 C:\\Users\\ISMAIL\\Desktop\\Atelier5\\EX4\\vendor\\laravel\\framework\\src\\Illuminate\\Foundation\\Exceptions\\Handler.php(380): Illuminate\\Log\\LogManager->error('array_merge(): ...', Array)
#4 C:\\Users\\ISMAIL\\Desktop\\Atelier5\\EX4\\vendor\\laravel\\framework\\src\\Illuminate\\Foundation\\Exceptions\\Handler.php(343): Illuminate\\Foundation\\Exceptions\\Handler->reportThrowable(Object(TypeError))
#5 C:\\Users\\ISMAIL\\Desktop\\Atelier5\\EX4\\vendor\\laravel\\framework\\src\\Illuminate\\Foundation\\Console\\Kernel.php(621): Illuminate\\Foundation\\Exceptions\\Handler->report(Object(TypeError))
#6 C:\\Users\\ISMAIL\\Desktop\\Atelier5\\EX4\\vendor\\laravel\\framework\\src\\Illuminate\\Foundation\\Console\\Kernel.php(200): Illuminate\\Foundation\\Console\\Kernel->reportException(Object(TypeError))
#7 C:\\Users\\ISMAIL\\Desktop\\Atelier5\\EX4\\vendor\\laravel\\framework\\src\\Illuminate\\Foundation\\Application.php(1235): Illuminate\\Foundation\\Console\\Kernel->handle(Object(Symfony\\Component\\Console\\Input\\ArgvInput), Object(Symfony\\Component\\Console\\Output\\ConsoleOutput))
#8 C:\\Users\\ISMAIL\\Desktop\\Atelier5\\EX4\\artisan(16): Illuminate\\Foundation\\Application->handleCommand(Object(Symfony\\Component\\Console\\Input\\ArgvInput))
#9 {main}
"} 
[2025-03-19 22:43:19] laravel.ERROR: array_merge(): Argument #2 must be of type array, int given {"exception":"[object] (TypeError(code: 0): array_merge(): Argument #2 must be of type array, int given at C:\\Users\\ISMAIL\\Desktop\\Atelier5\\EX4\\vendor\\laravel\\framework\\src\\Illuminate\\Foundation\\Bootstrap\\LoadConfiguration.php:99)
[stacktrace]
#0 C:\\Users\\ISMAIL\\Desktop\\Atelier5\\EX4\\vendor\\laravel\\framework\\src\\Illuminate\\Foundation\\Bootstrap\\LoadConfiguration.php(99): array_merge(Array, 1)
#1 C:\\Users\\ISMAIL\\Desktop\\Atelier5\\EX4\\vendor\\laravel\\framework\\src\\Illuminate\\Foundation\\Bootstrap\\LoadConfiguration.php(77): Illuminate\\Foundation\\Bootstrap\\LoadConfiguration->loadConfigurationFile(Object(Illuminate\\Config\\Repository), 'broadcasting', 'C:\\\\Users\\\\ISMAIL...', Array)
#2 C:\\Users\\ISMAIL\\Desktop\\Atelier5\\EX4\\vendor\\laravel\\framework\\src\\Illuminate\\Foundation\\Bootstrap\\LoadConfiguration.php(38): Illuminate\\Foundation\\Bootstrap\\LoadConfiguration->loadConfigurationFiles(Object(Illuminate\\Foundation\\Application), Object(Illuminate\\Config\\Repository))
#3 C:\\Users\\ISMAIL\\Desktop\\Atelier5\\EX4\\vendor\\laravel\\framework\\src\\Illuminate\\Foundation\\Application.php(342): Illuminate\\Foundation\\Bootstrap\\LoadConfiguration->bootstrap(Object(Illuminate\\Foundation\\Application))
#4 C:\\Users\\ISMAIL\\Desktop\\Atelier5\\EX4\\vendor\\laravel\\framework\\src\\Illuminate\\Foundation\\Console\\Kernel.php(474): Illuminate\\Foundation\\Application->bootstrapWith(Array)
#5 C:\\Users\\ISMAIL\\Desktop\\Atelier5\\EX4\\vendor\\laravel\\framework\\src\\Illuminate\\Foundation\\Console\\Kernel.php(196): Illuminate\\Foundation\\Console\\Kernel->bootstrap()
#6 C:\\Users\\ISMAIL\\Desktop\\Atelier5\\EX4\\vendor\\laravel\\framework\\src\\Illuminate\\Foundation\\Application.php(1235): Illuminate\\Foundation\\Console\\Kernel->handle(Object(Symfony\\Component\\Console\\Input\\ArgvInput), Object(Symfony\\Component\\Console\\Output\\ConsoleOutput))
#7 C:\\Users\\ISMAIL\\Desktop\\Atelier5\\EX4\\artisan(16): Illuminate\\Foundation\\Application->handleCommand(Object(Symfony\\Component\\Console\\Input\\ArgvInput))
#8 {main}
"} 
[2025-03-19 22:43:20] laravel.EMERGENCY: Unable to create configured logger. Using emergency logger. {"exception":"[object] (InvalidArgumentException(code: 0): Log [] is not defined. at C:\\Users\\ISMAIL\\Desktop\\Atelier5\\EX4\\vendor\\laravel\\framework\\src\\Illuminate\\Log\\LogManager.php:223)
[stacktrace]
#0 C:\\Users\\ISMAIL\\Desktop\\Atelier5\\EX4\\vendor\\laravel\\framework\\src\\Illuminate\\Log\\LogManager.php(139): Illuminate\\Log\\LogManager->resolve('', NULL)
#1 C:\\Users\\ISMAIL\\Desktop\\Atelier5\\EX4\\vendor\\laravel\\framework\\src\\Illuminate\\Log\\LogManager.php(126): Illuminate\\Log\\LogManager->get('')
#2 C:\\Users\\ISMAIL\\Desktop\\Atelier5\\EX4\\vendor\\laravel\\framework\\src\\Illuminate\\Log\\LogManager.php(695): Illuminate\\Log\\LogManager->driver()
#3 C:\\Users\\ISMAIL\\Desktop\\Atelier5\\EX4\\vendor\\laravel\\framework\\src\\Illuminate\\Foundation\\Exceptions\\Handler.php(380): Illuminate\\Log\\LogManager->error('array_merge(): ...', Array)
#4 C:\\Users\\ISMAIL\\Desktop\\Atelier5\\EX4\\vendor\\laravel\\framework\\src\\Illuminate\\Foundation\\Exceptions\\Handler.php(343): Illuminate\\Foundation\\Exceptions\\Handler->reportThrowable(Object(TypeError))
#5 C:\\Users\\ISMAIL\\Desktop\\Atelier5\\EX4\\vendor\\laravel\\framework\\src\\Illuminate\\Foundation\\Console\\Kernel.php(621): Illuminate\\Foundation\\Exceptions\\Handler->report(Object(TypeError))
#6 C:\\Users\\ISMAIL\\Desktop\\Atelier5\\EX4\\vendor\\laravel\\framework\\src\\Illuminate\\Foundation\\Console\\Kernel.php(200): Illuminate\\Foundation\\Console\\Kernel->reportException(Object(TypeError))
#7 C:\\Users\\ISMAIL\\Desktop\\Atelier5\\EX4\\vendor\\laravel\\framework\\src\\Illuminate\\Foundation\\Application.php(1235): Illuminate\\Foundation\\Console\\Kernel->handle(Object(Symfony\\Component\\Console\\Input\\ArgvInput), Object(Symfony\\Component\\Console\\Output\\ConsoleOutput))
#8 C:\\Users\\ISMAIL\\Desktop\\Atelier5\\EX4\\artisan(16): Illuminate\\Foundation\\Application->handleCommand(Object(Symfony\\Component\\Console\\Input\\ArgvInput))
#9 {main}
"} 
[2025-03-19 22:43:20] laravel.ERROR: array_merge(): Argument #2 must be of type array, int given {"exception":"[object] (TypeError(code: 0): array_merge(): Argument #2 must be of type array, int given at C:\\Users\\ISMAIL\\Desktop\\Atelier5\\EX4\\vendor\\laravel\\framework\\src\\Illuminate\\Foundation\\Bootstrap\\LoadConfiguration.php:99)
[stacktrace]
#0 C:\\Users\\ISMAIL\\Desktop\\Atelier5\\EX4\\vendor\\laravel\\framework\\src\\Illuminate\\Foundation\\Bootstrap\\LoadConfiguration.php(99): array_merge(Array, 1)
#1 C:\\Users\\ISMAIL\\Desktop\\Atelier5\\EX4\\vendor\\laravel\\framework\\src\\Illuminate\\Foundation\\Bootstrap\\LoadConfiguration.php(77): Illuminate\\Foundation\\Bootstrap\\LoadConfiguration->loadConfigurationFile(Object(Illuminate\\Config\\Repository), 'broadcasting', 'C:\\\\Users\\\\ISMAIL...', Array)
#2 C:\\Users\\ISMAIL\\Desktop\\Atelier5\\EX4\\vendor\\laravel\\framework\\src\\Illuminate\\Foundation\\Bootstrap\\LoadConfiguration.php(38): Illuminate\\Foundation\\Bootstrap\\LoadConfiguration->loadConfigurationFiles(Object(Illuminate\\Foundation\\Application), Object(Illuminate\\Config\\Repository))
#3 C:\\Users\\ISMAIL\\Desktop\\Atelier5\\EX4\\vendor\\laravel\\framework\\src\\Illuminate\\Foundation\\Application.php(342): Illuminate\\Foundation\\Bootstrap\\LoadConfiguration->bootstrap(Object(Illuminate\\Foundation\\Application))
#4 C:\\Users\\ISMAIL\\Desktop\\Atelier5\\EX4\\vendor\\laravel\\framework\\src\\Illuminate\\Foundation\\Console\\Kernel.php(474): Illuminate\\Foundation\\Application->bootstrapWith(Array)
#5 C:\\Users\\ISMAIL\\Desktop\\Atelier5\\EX4\\vendor\\laravel\\framework\\src\\Illuminate\\Foundation\\Console\\Kernel.php(196): Illuminate\\Foundation\\Console\\Kernel->bootstrap()
#6 C:\\Users\\ISMAIL\\Desktop\\Atelier5\\EX4\\vendor\\laravel\\framework\\src\\Illuminate\\Foundation\\Application.php(1235): Illuminate\\Foundation\\Console\\Kernel->handle(Object(Symfony\\Component\\Console\\Input\\ArgvInput), Object(Symfony\\Component\\Console\\Output\\ConsoleOutput))
#7 C:\\Users\\ISMAIL\\Desktop\\Atelier5\\EX4\\artisan(16): Illuminate\\Foundation\\Application->handleCommand(Object(Symfony\\Component\\Console\\Input\\ArgvInput))
#8 {main}
"} 
[2025-03-19 22:43:58] laravel.EMERGENCY: Unable to create configured logger. Using emergency logger. {"exception":"[object] (InvalidArgumentException(code: 0): Log [] is not defined. at C:\\Users\\ISMAIL\\Desktop\\Atelier5\\EX4\\vendor\\laravel\\framework\\src\\Illuminate\\Log\\LogManager.php:223)
[stacktrace]
#0 C:\\Users\\ISMAIL\\Desktop\\Atelier5\\EX4\\vendor\\laravel\\framework\\src\\Illuminate\\Log\\LogManager.php(139): Illuminate\\Log\\LogManager->resolve('', NULL)
#1 C:\\Users\\ISMAIL\\Desktop\\Atelier5\\EX4\\vendor\\laravel\\framework\\src\\Illuminate\\Log\\LogManager.php(126): Illuminate\\Log\\LogManager->get('')
#2 C:\\Users\\ISMAIL\\Desktop\\Atelier5\\EX4\\vendor\\laravel\\framework\\src\\Illuminate\\Log\\LogManager.php(695): Illuminate\\Log\\LogManager->driver()
#3 C:\\Users\\ISMAIL\\Desktop\\Atelier5\\EX4\\vendor\\laravel\\framework\\src\\Illuminate\\Foundation\\Exceptions\\Handler.php(380): Illuminate\\Log\\LogManager->error('array_merge(): ...', Array)
#4 C:\\Users\\ISMAIL\\Desktop\\Atelier5\\EX4\\vendor\\laravel\\framework\\src\\Illuminate\\Foundation\\Exceptions\\Handler.php(343): Illuminate\\Foundation\\Exceptions\\Handler->reportThrowable(Object(TypeError))
#5 C:\\Users\\ISMAIL\\Desktop\\Atelier5\\EX4\\vendor\\laravel\\framework\\src\\Illuminate\\Foundation\\Console\\Kernel.php(621): Illuminate\\Foundation\\Exceptions\\Handler->report(Object(TypeError))
#6 C:\\Users\\ISMAIL\\Desktop\\Atelier5\\EX4\\vendor\\laravel\\framework\\src\\Illuminate\\Foundation\\Console\\Kernel.php(200): Illuminate\\Foundation\\Console\\Kernel->reportException(Object(TypeError))
#7 C:\\Users\\ISMAIL\\Desktop\\Atelier5\\EX4\\vendor\\laravel\\framework\\src\\Illuminate\\Foundation\\Application.php(1235): Illuminate\\Foundation\\Console\\Kernel->handle(Object(Symfony\\Component\\Console\\Input\\ArgvInput), Object(Symfony\\Component\\Console\\Output\\ConsoleOutput))
#8 C:\\Users\\ISMAIL\\Desktop\\Atelier5\\EX4\\artisan(16): Illuminate\\Foundation\\Application->handleCommand(Object(Symfony\\Component\\Console\\Input\\ArgvInput))
#9 {main}
"} 
[2025-03-19 22:43:58] laravel.ERROR: array_merge(): Argument #2 must be of type array, int given {"exception":"[object] (TypeError(code: 0): array_merge(): Argument #2 must be of type array, int given at C:\\Users\\ISMAIL\\Desktop\\Atelier5\\EX4\\vendor\\laravel\\framework\\src\\Illuminate\\Foundation\\Bootstrap\\LoadConfiguration.php:99)
[stacktrace]
#0 C:\\Users\\ISMAIL\\Desktop\\Atelier5\\EX4\\vendor\\laravel\\framework\\src\\Illuminate\\Foundation\\Bootstrap\\LoadConfiguration.php(99): array_merge(Array, 1)
#1 C:\\Users\\ISMAIL\\Desktop\\Atelier5\\EX4\\vendor\\laravel\\framework\\src\\Illuminate\\Foundation\\Bootstrap\\LoadConfiguration.php(77): Illuminate\\Foundation\\Bootstrap\\LoadConfiguration->loadConfigurationFile(Object(Illuminate\\Config\\Repository), 'broadcasting', 'C:\\\\Users\\\\ISMAIL...', Array)
#2 C:\\Users\\ISMAIL\\Desktop\\Atelier5\\EX4\\vendor\\laravel\\framework\\src\\Illuminate\\Foundation\\Bootstrap\\LoadConfiguration.php(38): Illuminate\\Foundation\\Bootstrap\\LoadConfiguration->loadConfigurationFiles(Object(Illuminate\\Foundation\\Application), Object(Illuminate\\Config\\Repository))
#3 C:\\Users\\ISMAIL\\Desktop\\Atelier5\\EX4\\vendor\\laravel\\framework\\src\\Illuminate\\Foundation\\Application.php(342): Illuminate\\Foundation\\Bootstrap\\LoadConfiguration->bootstrap(Object(Illuminate\\Foundation\\Application))
#4 C:\\Users\\ISMAIL\\Desktop\\Atelier5\\EX4\\vendor\\laravel\\framework\\src\\Illuminate\\Foundation\\Console\\Kernel.php(474): Illuminate\\Foundation\\Application->bootstrapWith(Array)
#5 C:\\Users\\ISMAIL\\Desktop\\Atelier5\\EX4\\vendor\\laravel\\framework\\src\\Illuminate\\Foundation\\Console\\Kernel.php(196): Illuminate\\Foundation\\Console\\Kernel->bootstrap()
#6 C:\\Users\\ISMAIL\\Desktop\\Atelier5\\EX4\\vendor\\laravel\\framework\\src\\Illuminate\\Foundation\\Application.php(1235): Illuminate\\Foundation\\Console\\Kernel->handle(Object(Symfony\\Component\\Console\\Input\\ArgvInput), Object(Symfony\\Component\\Console\\Output\\ConsoleOutput))
#7 C:\\Users\\ISMAIL\\Desktop\\Atelier5\\EX4\\artisan(16): Illuminate\\Foundation\\Application->handleCommand(Object(Symfony\\Component\\Console\\Input\\ArgvInput))
#8 {main}
"} 
[2025-03-19 22:45:08] laravel.EMERGENCY: Unable to create configured logger. Using emergency logger. {"exception":"[object] (InvalidArgumentException(code: 0): Log [] is not defined. at C:\\Users\\ISMAIL\\Desktop\\Atelier5\\EX4\\vendor\\laravel\\framework\\src\\Illuminate\\Log\\LogManager.php:223)
[stacktrace]
#0 C:\\Users\\ISMAIL\\Desktop\\Atelier5\\EX4\\vendor\\laravel\\framework\\src\\Illuminate\\Log\\LogManager.php(139): Illuminate\\Log\\LogManager->resolve('', NULL)
#1 C:\\Users\\ISMAIL\\Desktop\\Atelier5\\EX4\\vendor\\laravel\\framework\\src\\Illuminate\\Log\\LogManager.php(126): Illuminate\\Log\\LogManager->get('')
#2 C:\\Users\\ISMAIL\\Desktop\\Atelier5\\EX4\\vendor\\laravel\\framework\\src\\Illuminate\\Log\\LogManager.php(695): Illuminate\\Log\\LogManager->driver()
#3 C:\\Users\\ISMAIL\\Desktop\\Atelier5\\EX4\\vendor\\laravel\\framework\\src\\Illuminate\\Foundation\\Exceptions\\Handler.php(380): Illuminate\\Log\\LogManager->error('array_merge(): ...', Array)
#4 C:\\Users\\ISMAIL\\Desktop\\Atelier5\\EX4\\vendor\\laravel\\framework\\src\\Illuminate\\Foundation\\Exceptions\\Handler.php(343): Illuminate\\Foundation\\Exceptions\\Handler->reportThrowable(Object(TypeError))
#5 C:\\Users\\ISMAIL\\Desktop\\Atelier5\\EX4\\vendor\\laravel\\framework\\src\\Illuminate\\Foundation\\Console\\Kernel.php(621): Illuminate\\Foundation\\Exceptions\\Handler->report(Object(TypeError))
#6 C:\\Users\\ISMAIL\\Desktop\\Atelier5\\EX4\\vendor\\laravel\\framework\\src\\Illuminate\\Foundation\\Console\\Kernel.php(200): Illuminate\\Foundation\\Console\\Kernel->reportException(Object(TypeError))
#7 C:\\Users\\ISMAIL\\Desktop\\Atelier5\\EX4\\vendor\\laravel\\framework\\src\\Illuminate\\Foundation\\Application.php(1235): Illuminate\\Foundation\\Console\\Kernel->handle(Object(Symfony\\Component\\Console\\Input\\ArgvInput), Object(Symfony\\Component\\Console\\Output\\ConsoleOutput))
#8 C:\\Users\\ISMAIL\\Desktop\\Atelier5\\EX4\\artisan(16): Illuminate\\Foundation\\Application->handleCommand(Object(Symfony\\Component\\Console\\Input\\ArgvInput))
#9 {main}
"} 
[2025-03-19 22:45:08] laravel.ERROR: array_merge(): Argument #2 must be of type array, int given {"exception":"[object] (TypeError(code: 0): array_merge(): Argument #2 must be of type array, int given at C:\\Users\\ISMAIL\\Desktop\\Atelier5\\EX4\\vendor\\laravel\\framework\\src\\Illuminate\\Foundation\\Bootstrap\\LoadConfiguration.php:99)
[stacktrace]
#0 C:\\Users\\ISMAIL\\Desktop\\Atelier5\\EX4\\vendor\\laravel\\framework\\src\\Illuminate\\Foundation\\Bootstrap\\LoadConfiguration.php(99): array_merge(Array, 1)
#1 C:\\Users\\ISMAIL\\Desktop\\Atelier5\\EX4\\vendor\\laravel\\framework\\src\\Illuminate\\Foundation\\Bootstrap\\LoadConfiguration.php(77): Illuminate\\Foundation\\Bootstrap\\LoadConfiguration->loadConfigurationFile(Object(Illuminate\\Config\\Repository), 'broadcasting', 'C:\\\\Users\\\\ISMAIL...', Array)
#2 C:\\Users\\ISMAIL\\Desktop\\Atelier5\\EX4\\vendor\\laravel\\framework\\src\\Illuminate\\Foundation\\Bootstrap\\LoadConfiguration.php(38): Illuminate\\Foundation\\Bootstrap\\LoadConfiguration->loadConfigurationFiles(Object(Illuminate\\Foundation\\Application), Object(Illuminate\\Config\\Repository))
#3 C:\\Users\\ISMAIL\\Desktop\\Atelier5\\EX4\\vendor\\laravel\\framework\\src\\Illuminate\\Foundation\\Application.php(342): Illuminate\\Foundation\\Bootstrap\\LoadConfiguration->bootstrap(Object(Illuminate\\Foundation\\Application))
#4 C:\\Users\\ISMAIL\\Desktop\\Atelier5\\EX4\\vendor\\laravel\\framework\\src\\Illuminate\\Foundation\\Console\\Kernel.php(474): Illuminate\\Foundation\\Application->bootstrapWith(Array)
#5 C:\\Users\\ISMAIL\\Desktop\\Atelier5\\EX4\\vendor\\laravel\\framework\\src\\Illuminate\\Foundation\\Console\\Kernel.php(196): Illuminate\\Foundation\\Console\\Kernel->bootstrap()
#6 C:\\Users\\ISMAIL\\Desktop\\Atelier5\\EX4\\vendor\\laravel\\framework\\src\\Illuminate\\Foundation\\Application.php(1235): Illuminate\\Foundation\\Console\\Kernel->handle(Object(Symfony\\Component\\Console\\Input\\ArgvInput), Object(Symfony\\Component\\Console\\Output\\ConsoleOutput))
#7 C:\\Users\\ISMAIL\\Desktop\\Atelier5\\EX4\\artisan(16): Illuminate\\Foundation\\Application->handleCommand(Object(Symfony\\Component\\Console\\Input\\ArgvInput))
#8 {main}
"} 
[2025-03-19 22:45:57] laravel.EMERGENCY: Unable to create configured logger. Using emergency logger. {"exception":"[object] (InvalidArgumentException(code: 0): Log [] is not defined. at C:\\Users\\ISMAIL\\Desktop\\Atelier5\\EX4\\vendor\\laravel\\framework\\src\\Illuminate\\Log\\LogManager.php:223)
[stacktrace]
#0 C:\\Users\\ISMAIL\\Desktop\\Atelier5\\EX4\\vendor\\laravel\\framework\\src\\Illuminate\\Log\\LogManager.php(139): Illuminate\\Log\\LogManager->resolve('', NULL)
#1 C:\\Users\\ISMAIL\\Desktop\\Atelier5\\EX4\\vendor\\laravel\\framework\\src\\Illuminate\\Log\\LogManager.php(126): Illuminate\\Log\\LogManager->get('')
#2 C:\\Users\\ISMAIL\\Desktop\\Atelier5\\EX4\\vendor\\laravel\\framework\\src\\Illuminate\\Log\\LogManager.php(695): Illuminate\\Log\\LogManager->driver()
#3 C:\\Users\\ISMAIL\\Desktop\\Atelier5\\EX4\\vendor\\laravel\\framework\\src\\Illuminate\\Foundation\\Exceptions\\Handler.php(380): Illuminate\\Log\\LogManager->error('syntax error, u...', Array)
#4 C:\\Users\\ISMAIL\\Desktop\\Atelier5\\EX4\\vendor\\laravel\\framework\\src\\Illuminate\\Foundation\\Exceptions\\Handler.php(343): Illuminate\\Foundation\\Exceptions\\Handler->reportThrowable(Object(ParseError))
#5 C:\\Users\\ISMAIL\\Desktop\\Atelier5\\EX4\\vendor\\laravel\\framework\\src\\Illuminate\\Foundation\\Console\\Kernel.php(621): Illuminate\\Foundation\\Exceptions\\Handler->report(Object(ParseError))
#6 C:\\Users\\ISMAIL\\Desktop\\Atelier5\\EX4\\vendor\\laravel\\framework\\src\\Illuminate\\Foundation\\Console\\Kernel.php(200): Illuminate\\Foundation\\Console\\Kernel->reportException(Object(ParseError))
#7 C:\\Users\\ISMAIL\\Desktop\\Atelier5\\EX4\\vendor\\laravel\\framework\\src\\Illuminate\\Foundation\\Application.php(1235): Illuminate\\Foundation\\Console\\Kernel->handle(Object(Symfony\\Component\\Console\\Input\\ArgvInput), Object(Symfony\\Component\\Console\\Output\\ConsoleOutput))
#8 C:\\Users\\ISMAIL\\Desktop\\Atelier5\\EX4\\artisan(16): Illuminate\\Foundation\\Application->handleCommand(Object(Symfony\\Component\\Console\\Input\\ArgvInput))
#9 {main}
"} 
[2025-03-19 22:45:57] laravel.ERROR: syntax error, unexpected token "=>" {"exception":"[object] (ParseError(code: 0): syntax error, unexpected token \"=>\" at C:\\Users\\ISMAIL\\Desktop\\Atelier5\\EX4\\config\\broadcasting.php:2)
[stacktrace]
#0 C:\\Users\\ISMAIL\\Desktop\\Atelier5\\EX4\\vendor\\laravel\\framework\\src\\Illuminate\\Foundation\\Bootstrap\\LoadConfiguration.php(96): Illuminate\\Foundation\\Bootstrap\\LoadConfiguration->Illuminate\\Foundation\\Bootstrap\\{closure}()
#1 C:\\Users\\ISMAIL\\Desktop\\Atelier5\\EX4\\vendor\\laravel\\framework\\src\\Illuminate\\Foundation\\Bootstrap\\LoadConfiguration.php(77): Illuminate\\Foundation\\Bootstrap\\LoadConfiguration->loadConfigurationFile(Object(Illuminate\\Config\\Repository), 'broadcasting', 'C:\\\\Users\\\\ISMAIL...', Array)
#2 C:\\Users\\ISMAIL\\Desktop\\Atelier5\\EX4\\vendor\\laravel\\framework\\src\\Illuminate\\Foundation\\Bootstrap\\LoadConfiguration.php(38): Illuminate\\Foundation\\Bootstrap\\LoadConfiguration->loadConfigurationFiles(Object(Illuminate\\Foundation\\Application), Object(Illuminate\\Config\\Repository))
#3 C:\\Users\\ISMAIL\\Desktop\\Atelier5\\EX4\\vendor\\laravel\\framework\\src\\Illuminate\\Foundation\\Application.php(342): Illuminate\\Foundation\\Bootstrap\\LoadConfiguration->bootstrap(Object(Illuminate\\Foundation\\Application))
#4 C:\\Users\\ISMAIL\\Desktop\\Atelier5\\EX4\\vendor\\laravel\\framework\\src\\Illuminate\\Foundation\\Console\\Kernel.php(474): Illuminate\\Foundation\\Application->bootstrapWith(Array)
#5 C:\\Users\\ISMAIL\\Desktop\\Atelier5\\EX4\\vendor\\laravel\\framework\\src\\Illuminate\\Foundation\\Console\\Kernel.php(196): Illuminate\\Foundation\\Console\\Kernel->bootstrap()
#6 C:\\Users\\ISMAIL\\Desktop\\Atelier5\\EX4\\vendor\\laravel\\framework\\src\\Illuminate\\Foundation\\Application.php(1235): Illuminate\\Foundation\\Console\\Kernel->handle(Object(Symfony\\Component\\Console\\Input\\ArgvInput), Object(Symfony\\Component\\Console\\Output\\ConsoleOutput))
#7 C:\\Users\\ISMAIL\\Desktop\\Atelier5\\EX4\\artisan(16): Illuminate\\Foundation\\Application->handleCommand(Object(Symfony\\Component\\Console\\Input\\ArgvInput))
#8 {main}
"} 
